[00:57:56] [Server thread/INFO]: Starting minecraft server version 1.11.2
[00:57:56] [Server thread/INFO]: Loading properties
[00:57:56] [Server thread/INFO]: Default game type: ADVENTURE
[00:57:56] [Server thread/INFO]: This server is running CraftBukkit version git-Spigot-6de2fbc-c1aa859 (MC: 1.11.2) (Implementing API version 1.11.2-R0.1-SNAPSHOT)
[00:57:57] [Server thread/INFO]: Debug logging is disabled
[00:57:57] [Server thread/INFO]: Server Ping Player Sample Count: 12
[00:57:57] [Server thread/INFO]: Using 4 threads for Netty based IO
[00:57:57] [Server thread/INFO]: Generating keypair
[00:57:57] [Server thread/INFO]: Starting Minecraft server on *:25565
[00:57:57] [Server thread/INFO]: Using default channel type
[00:57:57] [Server thread/INFO]: Set PluginClassLoader as parallel capable
[00:57:57] [Server thread/INFO]: [WorldEdit] Loading WorldEdit v6.1.5;4651611
[00:57:57] [Server thread/INFO]: [SetSpawn] Loading SetSpawn v2.1
[00:57:57] [Server thread/INFO]: [RaspberryJuice] Loading RaspberryJuice v1.7
[00:57:57] [Server thread/WARN]: **** SERVER IS RUNNING IN OFFLINE/INSECURE MODE!
[00:57:57] [Server thread/WARN]: The server will make no attempt to authenticate usernames. Beware.
[00:57:57] [Server thread/WARN]: While this makes the game possible to play without internet access, it also opens up the ability for hackers to connect with any username they choose.
[00:57:57] [Server thread/WARN]: To change this, set "online-mode" to "true" in the server.properties file.
[00:57:57] [Server thread/INFO]: **** Beginning UUID conversion, this may take A LONG time ****
[00:57:57] [Server thread/INFO]: Preparing level "world"
[00:57:57] [Server thread/INFO]: -------- World Settings For [world] --------
[00:57:57] [Server thread/INFO]: Arrow Despawn Rate: 1200
[00:57:57] [Server thread/INFO]: View Distance: 10
[00:57:57] [Server thread/INFO]: Item Merge Radius: 2.5
[00:57:57] [Server thread/INFO]: Item Despawn Rate: 6000
[00:57:57] [Server thread/INFO]: Experience Merge Radius: 3.0
[00:57:57] [Server thread/INFO]: Nerfing mobs spawned from spawners: false
[00:57:57] [Server thread/INFO]: Zombie Aggressive Towards Villager: true
[00:57:57] [Server thread/INFO]: Allow Zombie Pigmen to spawn from portal blocks: true
[00:57:57] [Server thread/INFO]: Custom Map Seeds:  Village: 10387312 Feature: 14357617Monument: 10387313 Slime: 987234911
[00:57:57] [Server thread/INFO]: Cactus Growth Modifier: 100%
[00:57:57] [Server thread/INFO]: Cane Growth Modifier: 100%
[00:57:57] [Server thread/INFO]: Melon Growth Modifier: 100%
[00:57:57] [Server thread/INFO]: Mushroom Growth Modifier: 100%
[00:57:57] [Server thread/INFO]: Pumpkin Growth Modifier: 100%
[00:57:58] [Server thread/INFO]: Sapling Growth Modifier: 100%
[00:57:58] [Server thread/INFO]: Wheat Growth Modifier: 100%
[00:57:58] [Server thread/INFO]: NetherWart Growth Modifier: 100%
[00:57:58] [Server thread/INFO]: Vine Growth Modifier: 100%
[00:57:58] [Server thread/INFO]: Cocoa Growth Modifier: 100%
[00:57:58] [Server thread/INFO]: Entity Activation Range: An 32 / Mo 32 / Mi 16
[00:57:58] [Server thread/INFO]: Entity Tracking Range: Pl 48 / An 48 / Mo 48 / Mi 32 / Other 64
[00:57:58] [Server thread/INFO]: Mob Spawn Range: 4
[00:57:58] [Server thread/INFO]: Hopper Transfer: 8 Hopper Check: 8 Hopper Amount: 1
[00:57:58] [Server thread/INFO]: Structure Info Saving: true
[00:57:58] [Server thread/INFO]: Random Lighting Updates: false
[00:57:58] [Server thread/INFO]: Tile Max Tick Time: 50ms Entity max Tick Time: 50ms
[00:57:58] [Server thread/INFO]: Max TNT Explosions: 100
[00:57:58] [Server thread/INFO]: -------- World Settings For [world_nether] --------
[00:57:58] [Server thread/INFO]: Arrow Despawn Rate: 1200
[00:57:58] [Server thread/INFO]: View Distance: 10
[00:57:58] [Server thread/INFO]: Item Merge Radius: 2.5
[00:57:58] [Server thread/INFO]: Item Despawn Rate: 6000
[00:57:58] [Server thread/INFO]: Experience Merge Radius: 3.0
[00:57:58] [Server thread/INFO]: Nerfing mobs spawned from spawners: false
[00:57:58] [Server thread/INFO]: Zombie Aggressive Towards Villager: true
[00:57:58] [Server thread/INFO]: Allow Zombie Pigmen to spawn from portal blocks: true
[00:57:58] [Server thread/INFO]: Custom Map Seeds:  Village: 10387312 Feature: 14357617Monument: 10387313 Slime: 987234911
[00:57:58] [Server thread/INFO]: Cactus Growth Modifier: 100%
[00:57:58] [Server thread/INFO]: Cane Growth Modifier: 100%
[00:57:58] [Server thread/INFO]: Melon Growth Modifier: 100%
[00:57:58] [Server thread/INFO]: Mushroom Growth Modifier: 100%
[00:57:58] [Server thread/INFO]: Pumpkin Growth Modifier: 100%
[00:57:58] [Server thread/INFO]: Sapling Growth Modifier: 100%
[00:57:58] [Server thread/INFO]: Wheat Growth Modifier: 100%
[00:57:58] [Server thread/INFO]: NetherWart Growth Modifier: 100%
[00:57:58] [Server thread/INFO]: Vine Growth Modifier: 100%
[00:57:58] [Server thread/INFO]: Cocoa Growth Modifier: 100%
[00:57:58] [Server thread/INFO]: Entity Activation Range: An 32 / Mo 32 / Mi 16
[00:57:58] [Server thread/INFO]: Entity Tracking Range: Pl 48 / An 48 / Mo 48 / Mi 32 / Other 64
[00:57:58] [Server thread/INFO]: Mob Spawn Range: 4
[00:57:58] [Server thread/INFO]: Hopper Transfer: 8 Hopper Check: 8 Hopper Amount: 1
[00:57:58] [Server thread/INFO]: Structure Info Saving: true
[00:57:58] [Server thread/INFO]: Random Lighting Updates: false
[00:57:58] [Server thread/INFO]: Tile Max Tick Time: 50ms Entity max Tick Time: 50ms
[00:57:58] [Server thread/INFO]: Max TNT Explosions: 100
[00:57:58] [Server thread/INFO]: -------- World Settings For [world_the_end] --------
[00:57:58] [Server thread/INFO]: Arrow Despawn Rate: 1200
[00:57:58] [Server thread/INFO]: View Distance: 10
[00:57:58] [Server thread/INFO]: Item Merge Radius: 2.5
[00:57:58] [Server thread/INFO]: Item Despawn Rate: 6000
[00:57:58] [Server thread/INFO]: Experience Merge Radius: 3.0
[00:57:58] [Server thread/INFO]: Nerfing mobs spawned from spawners: false
[00:57:58] [Server thread/INFO]: Zombie Aggressive Towards Villager: true
[00:57:58] [Server thread/INFO]: Allow Zombie Pigmen to spawn from portal blocks: true
[00:57:58] [Server thread/INFO]: Custom Map Seeds:  Village: 10387312 Feature: 14357617Monument: 10387313 Slime: 987234911
[00:57:58] [Server thread/INFO]: Cactus Growth Modifier: 100%
[00:57:58] [Server thread/INFO]: Cane Growth Modifier: 100%
[00:57:58] [Server thread/INFO]: Melon Growth Modifier: 100%
[00:57:58] [Server thread/INFO]: Mushroom Growth Modifier: 100%
[00:57:58] [Server thread/INFO]: Pumpkin Growth Modifier: 100%
[00:57:58] [Server thread/INFO]: Sapling Growth Modifier: 100%
[00:57:58] [Server thread/INFO]: Wheat Growth Modifier: 100%
[00:57:58] [Server thread/INFO]: NetherWart Growth Modifier: 100%
[00:57:58] [Server thread/INFO]: Vine Growth Modifier: 100%
[00:57:58] [Server thread/INFO]: Cocoa Growth Modifier: 100%
[00:57:58] [Server thread/INFO]: Entity Activation Range: An 32 / Mo 32 / Mi 16
[00:57:58] [Server thread/INFO]: Entity Tracking Range: Pl 48 / An 48 / Mo 48 / Mi 32 / Other 64
[00:57:58] [Server thread/INFO]: Mob Spawn Range: 4
[00:57:58] [Server thread/INFO]: Hopper Transfer: 8 Hopper Check: 8 Hopper Amount: 1
[00:57:58] [Server thread/INFO]: Structure Info Saving: true
[00:57:58] [Server thread/INFO]: Random Lighting Updates: false
[00:57:58] [Server thread/INFO]: Tile Max Tick Time: 50ms Entity max Tick Time: 50ms
[00:57:58] [Server thread/INFO]: Max TNT Explosions: 100
[00:57:58] [Server thread/INFO]: Preparing start region for level 0 (Seed: -8451486288760230950)
[00:57:59] [Server thread/INFO]: Preparing spawn area: 34%
[00:58:00] [Server thread/INFO]: Preparing start region for level 1 (Seed: -8451486288760230950)
[00:58:01] [Server thread/INFO]: Preparing start region for level 2 (Seed: -8451486288760230950)
[00:58:01] [Server thread/INFO]: [WorldEdit] Enabling WorldEdit v6.1.5;4651611
[00:58:01] [Server thread/INFO]: WEPIF: Using the Bukkit Permissions API.
[00:58:01] [Server thread/INFO]: [WorldEdit] Using com.sk89q.worldedit.bukkit.adapter.impl.Spigot_v1_11_R1 as the Bukkit adapter
[00:58:01] [Server thread/INFO]: [SetSpawn] Enabling SetSpawn v2.1
[00:58:01] [Server thread/INFO]: [RaspberryJuice] Enabling RaspberryJuice v1.7
[00:58:01] [Server thread/INFO]: [RaspberryJuice] ThreadListener Started
[00:58:01] [Server thread/INFO]: Server permissions file permissions.yml is empty, ignoring it
[00:58:01] [Server thread/INFO]: Done (3,826s)! For help, type "help" or "?"
[00:58:31] [User Authenticator #1/INFO]: UUID of player Gryfender_ is 327de540-65cd-3c57-b51f-985865b147d5
[00:58:31] [Server thread/INFO]: Gryfender_[/127.0.0.1:63239] logged in with entity id 151 at ([world]-77.44442642135235, 92.0, 283.67671376303394)
[00:59:31] [Thread-10/INFO]: [RaspberryJuice] Starting input thread
[00:59:31] [Thread-9/INFO]: [RaspberryJuice] Opened connection to/127.0.0.1:63252.
[00:59:31] [Thread-11/INFO]: [RaspberryJuice] Starting output thread!
[00:59:31] [Server thread/INFO]: Attendre...[m
[00:59:40] [Server thread/INFO]: C'est bon.[m
[00:59:40] [Server thread/INFO]: Bienvenue dans l'Arene, pour lancer un Mini-Jeu allez dans une des zones colorees au plus proche de l'Arene.[m
[00:59:50] [Thread-10/WARN]: java.net.SocketException: Connection reset
[00:59:50] [Thread-10/WARN]: 	at java.net.SocketInputStream.read(Unknown Source)
[00:59:50] [Thread-10/WARN]: 	at java.net.SocketInputStream.read(Unknown Source)
[00:59:50] [Thread-10/WARN]: 	at sun.nio.cs.StreamDecoder.readBytes(Unknown Source)
[00:59:50] [Thread-10/WARN]: 	at sun.nio.cs.StreamDecoder.implRead(Unknown Source)
[00:59:50] [Thread-10/WARN]: 	at sun.nio.cs.StreamDecoder.read(Unknown Source)
[00:59:50] [Thread-10/WARN]: 	at java.io.InputStreamReader.read(Unknown Source)
[00:59:50] [Thread-10/WARN]: 	at java.io.BufferedReader.fill(Unknown Source)
[00:59:50] [Thread-10/WARN]: 	at java.io.BufferedReader.readLine(Unknown Source)
[00:59:50] [Thread-10/WARN]: 	at java.io.BufferedReader.readLine(Unknown Source)
[00:59:50] [Thread-10/WARN]: 	at net.zhuoweizhang.raspberryjuice.RemoteSession$InputThread.run(RemoteSession.java:577)
[00:59:50] [Thread-10/WARN]: 	at java.lang.Thread.run(Unknown Source)
[00:59:50] [Server thread/INFO]: [RaspberryJuice] Closed connection to/127.0.0.1:63252.
[00:59:53] [Thread-9/INFO]: [RaspberryJuice] Opened connection to/127.0.0.1:63260.
[00:59:53] [Thread-12/INFO]: [RaspberryJuice] Starting input thread
[00:59:53] [Thread-13/INFO]: [RaspberryJuice] Starting output thread!
[00:59:53] [Server thread/INFO]: Attendre...[m
[01:00:01] [Server thread/INFO]: C'est bon.[m
[01:00:01] [Server thread/INFO]: Bienvenue dans l'Arene, pour lancer un Mini-Jeu allez dans une des zones colorees au plus proche de l'Arene.[m
[01:00:15] [Server thread/INFO]: Pour executer un MiniJeu cassez un block de laine de la couleur correspondante : [m
[01:00:16] [Server thread/INFO]: Blanc   = Jeu de Parcours[m
[01:00:16] [Server thread/INFO]: Orange = MiniJeu 2[m
[01:00:16] [Server thread/INFO]: Rose    = MiniJeu 3[m
[01:00:16] [Server thread/INFO]: Jaune  = MiniJeu 4[m
[01:00:16] [Server thread/INFO]: Vert    = MiniJeu 5[m
[01:00:16] [Server thread/INFO]: Rouge  = MiniJeu 6[m
[01:00:16] [Server thread/INFO]: Noir     = MiniJeu 7[m
[01:00:16] [Server thread/INFO]: Bleu    = MiniJeu 8[m
[01:00:19] [Server thread/INFO]: Attendre...[m
[01:00:24] [Server thread/WARN]: [RaspberryJuice] Over 9000 commands were queued - deferring 19806 to next tick
[01:00:24] [Server thread/WARN]: [RaspberryJuice] Over 9000 commands were queued - deferring 11555 to next tick
[01:00:24] [Server thread/WARN]: [RaspberryJuice] Over 9000 commands were queued - deferring 3624 to next tick
[01:00:27] [Server thread/INFO]: Construction terminee.[m
[01:00:27] [Server thread/INFO]: Activite lancee ^^[m
[01:00:28] [Server thread/INFO]: Pour quitter le MiniJeu cassez le block de laine blanche au niveau de la zone Violette[m
[01:00:38] [Server thread/WARN]: Gryfender_ moved too quickly! -17.33272851098708,0.29999999999999716,-0.32438689986489067
[01:00:54] [Server thread/INFO]: Pour executer un MiniJeu cassez un block de laine de la couleur correspondante : [m
[01:00:54] [Server thread/INFO]: Blanc   = Jeu de Parcours[m
[01:00:54] [Server thread/INFO]: Orange = MiniJeu 2[m
[01:00:54] [Server thread/INFO]: Rose    = MiniJeu 3[m
[01:00:54] [Server thread/INFO]: Jaune  = MiniJeu 4[m
[01:00:54] [Server thread/INFO]: Vert    = MiniJeu 5[m
[01:00:54] [Server thread/INFO]: Rouge  = MiniJeu 6[m
[01:00:54] [Server thread/INFO]: Noir     = MiniJeu 7[m
[01:00:54] [Server thread/INFO]: Bleu    = MiniJeu 8[m
[01:01:00] [Server thread/INFO]: Pour executer un MiniJeu cassez un block de laine de la couleur correspondante : [m
[01:01:01] [Server thread/INFO]: Blanc   = Jeu de Parcours[m
[01:01:01] [Server thread/INFO]: Orange = MiniJeu 2[m
[01:01:01] [Server thread/INFO]: Rose    = MiniJeu 3[m
[01:01:01] [Server thread/INFO]: Jaune  = MiniJeu 4[m
[01:01:01] [Server thread/INFO]: Vert    = MiniJeu 5[m
[01:01:01] [Server thread/INFO]: Rouge  = MiniJeu 6[m
[01:01:01] [Server thread/INFO]: Noir     = MiniJeu 7[m
[01:01:01] [Server thread/INFO]: Bleu    = MiniJeu 8[m
[01:01:06] [Thread-12/WARN]: java.net.SocketException: Connection reset
[01:01:06] [Thread-12/WARN]: 	at java.net.SocketInputStream.read(Unknown Source)
[01:01:06] [Thread-12/WARN]: 	at java.net.SocketInputStream.read(Unknown Source)
[01:01:06] [Thread-12/WARN]: 	at sun.nio.cs.StreamDecoder.readBytes(Unknown Source)
[01:01:06] [Thread-12/WARN]: 	at sun.nio.cs.StreamDecoder.implRead(Unknown Source)
[01:01:06] [Thread-12/WARN]: 	at sun.nio.cs.StreamDecoder.read(Unknown Source)
[01:01:06] [Thread-12/WARN]: 	at java.io.InputStreamReader.read(Unknown Source)
[01:01:06] [Thread-12/WARN]: 	at java.io.BufferedReader.fill(Unknown Source)
[01:01:06] [Thread-12/WARN]: 	at java.io.BufferedReader.readLine(Unknown Source)
[01:01:06] [Thread-12/WARN]: 	at java.io.BufferedReader.readLine(Unknown Source)
[01:01:06] [Thread-12/WARN]: 	at net.zhuoweizhang.raspberryjuice.RemoteSession$InputThread.run(RemoteSession.java:577)
[01:01:06] [Thread-12/WARN]: 	at java.lang.Thread.run(Unknown Source)
[01:01:06] [Server thread/INFO]: [RaspberryJuice] Closed connection to/127.0.0.1:63260.
[01:02:27] [Server thread/INFO]: Stopping the server
[01:02:27] [Server thread/INFO]: Stopping server
[01:02:27] [Server thread/INFO]: [RaspberryJuice] Disabling RaspberryJuice v1.7
[01:02:27] [Server thread/INFO]: [RaspberryJuice] Raspberry Juice Stopped
[01:02:27] [Server thread/INFO]: [SetSpawn] Disabling SetSpawn v2.1
[01:02:27] [Server thread/INFO]: [WorldEdit] Disabling WorldEdit v6.1.5;4651611
[01:02:27] [Server thread/INFO]: Saving players
[01:02:27] [Server thread/INFO]: Gryfender_ lost connection: Server closed
[01:02:27] [Server thread/INFO]: Gryfender_ left the game
[01:02:27] [Server thread/INFO]: Saving worlds
[01:02:27] [Server thread/INFO]: Saving chunks for level 'world'/Overworld
[01:02:27] [Server thread/INFO]: Saving chunks for level 'world_nether'/Nether
[01:02:27] [Server thread/INFO]: Saving chunks for level 'world_the_end'/The End
