2014-03-07 20:53:11 [INFO] Starting minecraft server version 1.6.4
2014-03-07 20:53:11 [INFO] Loading properties
2014-03-07 20:53:11 [WARNING] server.properties does not exist
2014-03-07 20:53:11 [INFO] Generating new properties file
2014-03-07 20:53:12 [INFO] Default game type: SURVIVAL
2014-03-07 20:53:12 [INFO] Generating keypair
2014-03-07 20:53:14 [INFO] Starting Minecraft server on *:25565
2014-03-07 20:53:15 [INFO] This server is running CraftBukkit version git-Bukkit-1.6.4-R2.0-b2918jnks (MC: 1.6.4) (Implementing API version 1.6.4-R2.0)
2014-03-07 20:53:16 [WARNING] Failed to load operators list: java.io.FileNotFoundException: .\ops.txt (The system cannot find the file specified)
2014-03-07 20:53:16 [WARNING] Failed to load white-list: java.io.FileNotFoundException: .\white-list.txt (The system cannot find the file specified)
2014-03-07 20:53:16 [INFO] Preparing level "world"
2014-03-07 20:53:18 [INFO] Preparing start region for level 0 (Seed: -4639508223535243829)
2014-03-07 20:53:19 [INFO] Preparing spawn area: 0%
2014-03-07 20:53:20 [INFO] Preparing spawn area: 4%
2014-03-07 20:53:21 [INFO] Preparing spawn area: 4%
2014-03-07 20:53:22 [INFO] Preparing spawn area: 5%
2014-03-07 20:53:23 [INFO] Preparing spawn area: 9%
2014-03-07 20:53:24 [INFO] Preparing spawn area: 13%
2014-03-07 20:53:25 [INFO] Preparing spawn area: 20%
2014-03-07 20:53:26 [INFO] Preparing spawn area: 25%
2014-03-07 20:53:27 [INFO] Preparing spawn area: 30%
2014-03-07 20:53:28 [INFO] Preparing spawn area: 33%
2014-03-07 20:53:29 [INFO] Preparing spawn area: 39%
2014-03-07 20:53:30 [INFO] Preparing spawn area: 45%
2014-03-07 20:53:31 [INFO] Preparing spawn area: 51%
2014-03-07 20:53:32 [INFO] Preparing spawn area: 55%
2014-03-07 20:53:33 [INFO] Preparing spawn area: 60%
2014-03-07 20:53:34 [INFO] Preparing spawn area: 65%
2014-03-07 20:53:35 [INFO] Preparing spawn area: 71%
2014-03-07 20:53:37 [INFO] Preparing spawn area: 78%
2014-03-07 20:53:38 [INFO] Preparing spawn area: 85%
2014-03-07 20:53:39 [INFO] Preparing spawn area: 92%
2014-03-07 20:53:40 [INFO] Preparing spawn area: 99%
2014-03-07 20:53:40 [INFO] Preparing start region for level 1 (Seed: -4639508223535243829)
2014-03-07 20:53:41 [INFO] Preparing spawn area: 5%
2014-03-07 20:53:42 [INFO] Preparing spawn area: 14%
2014-03-07 20:53:44 [INFO] Preparing spawn area: 21%
2014-03-07 20:53:45 [INFO] Preparing spawn area: 29%
2014-03-07 20:53:46 [INFO] Preparing spawn area: 35%
2014-03-07 20:53:47 [INFO] Preparing spawn area: 43%
2014-03-07 20:53:48 [INFO] Preparing spawn area: 51%
2014-03-07 20:53:49 [INFO] Preparing spawn area: 63%
2014-03-07 20:53:50 [INFO] Preparing spawn area: 68%
2014-03-07 20:53:51 [INFO] Preparing spawn area: 80%
2014-03-07 20:53:53 [INFO] Preparing spawn area: 84%
2014-03-07 20:53:54 [INFO] Preparing spawn area: 86%
2014-03-07 20:53:55 [INFO] Preparing spawn area: 95%
2014-03-07 20:53:55 [INFO] Preparing start region for level 2 (Seed: -4639508223535243829)
2014-03-07 20:53:56 [INFO] Preparing spawn area: 20%
2014-03-07 20:53:57 [INFO] Preparing spawn area: 48%
2014-03-07 20:53:58 [INFO] Preparing spawn area: 71%
2014-03-07 20:53:59 [INFO] Done (43.676s)! For help, type "help" or "?"
2014-03-07 20:54:06 [WARNING] Can't keep up! Did the system time change, or is the server overloaded?
2014-03-07 20:56:09 [INFO] CONSOLE: Stopping the server..[m
2014-03-07 20:56:09 [INFO] Stopping server
2014-03-07 20:56:09 [WARNING] DSCT: socket closed
2014-03-07 20:56:09 [INFO] Closing listening thread
2014-03-07 20:56:09 [INFO] Saving players
2014-03-07 20:56:09 [INFO] Saving worlds
2014-03-07 20:56:09 [INFO] Saving chunks for level 'world'/Overworld
2014-03-07 20:56:11 [INFO] Saving chunks for level 'world_nether'/Nether
2014-03-07 20:56:11 [INFO] Saving chunks for level 'world_the_end'/The End
2014-03-07 21:11:51 [INFO] Starting minecraft server version 1.6.4
2014-03-07 21:11:51 [INFO] Loading properties
2014-03-07 21:11:51 [INFO] Default game type: SURVIVAL
2014-03-07 21:11:51 [INFO] Generating keypair
2014-03-07 21:11:53 [INFO] Starting Minecraft server on *:25565
2014-03-07 21:11:54 [INFO] This server is running CraftBukkit version git-Bukkit-1.6.4-R2.0-b2918jnks (MC: 1.6.4) (Implementing API version 1.6.4-R2.0)
2014-03-07 21:11:55 [INFO] Preparing level "world"
2014-03-07 21:11:56 [INFO] Preparing start region for level 0 (Seed: -4639508223535243829)
2014-03-07 21:11:57 [INFO] Preparing spawn area: 1%
2014-03-07 21:11:58 [INFO] Preparing spawn area: 28%
2014-03-07 21:11:59 [INFO] Preparing spawn area: 62%
2014-03-07 21:12:00 [INFO] Preparing spawn area: 81%
2014-03-07 21:12:01 [INFO] Preparing start region for level 1 (Seed: -4639508223535243829)
2014-03-07 21:12:02 [INFO] Preparing spawn area: 29%
2014-03-07 21:12:03 [INFO] Preparing spawn area: 54%
2014-03-07 21:12:04 [INFO] Preparing spawn area: 62%
2014-03-07 21:12:05 [INFO] Preparing spawn area: 88%
2014-03-07 21:12:06 [INFO] Preparing start region for level 2 (Seed: -4639508223535243829)
2014-03-07 21:12:07 [INFO] Preparing spawn area: 50%
2014-03-07 21:12:07 [INFO] Server permissions file permissions.yml is empty, ignoring it
2014-03-07 21:12:07 [INFO] Done (12.645s)! For help, type "help" or "?"
2014-03-07 21:12:12 [WARNING] Can't keep up! Did the system time change, or is the server overloaded?
2014-03-07 21:17:16 [WARNING] Can't keep up! Did the system time change, or is the server overloaded?
2014-03-07 21:17:17 [INFO] martinohanlon[/127.0.0.1:59081] logged in with entity id 1115 at ([world] 94.5, 75.0, 246.5)
2014-03-07 21:17:37 [WARNING] Can't keep up! Did the system time change, or is the server overloaded?
2014-03-07 21:18:40 [INFO] Connection reset
2014-03-07 21:18:40 [INFO] martinohanlon lost connection: disconnect.quitting
2014-03-07 21:18:40 [INFO] §emartinohanlon left the game.
2014-03-07 21:41:03 [INFO] CONSOLE: Stopping the server..[m
2014-03-07 21:41:03 [INFO] Stopping server
2014-03-07 21:41:03 [INFO] Saving players
2014-03-07 21:41:03 [WARNING] DSCT: socket closed
2014-03-07 21:41:03 [INFO] Saving worlds
2014-03-07 21:41:03 [INFO] Closing listening thread
2014-03-07 21:41:03 [INFO] Saving chunks for level 'world'/Overworld
2014-03-07 21:41:04 [INFO] Saving chunks for level 'world_nether'/Nether
2014-03-07 21:41:04 [INFO] Saving chunks for level 'world_the_end'/The End
2014-03-07 21:41:04 [INFO] Stopping server
2014-03-07 21:41:12 [INFO] Starting minecraft server version 1.6.4
2014-03-07 21:41:12 [INFO] Loading properties
2014-03-07 21:41:12 [INFO] Default game type: CREATIVE
2014-03-07 21:41:12 [INFO] Generating keypair
2014-03-07 21:41:13 [INFO] Starting Minecraft server on *:25565
2014-03-07 21:41:14 [INFO] This server is running CraftBukkit version git-Bukkit-1.6.4-R2.0-b2918jnks (MC: 1.6.4) (Implementing API version 1.6.4-R2.0)
2014-03-07 21:41:14 [INFO] Preparing level "world"
2014-03-07 21:41:15 [INFO] Preparing start region for level 0 (Seed: -4639508223535243829)
2014-03-07 21:41:16 [INFO] Preparing spawn area: 5%
2014-03-07 21:41:17 [INFO] Preparing spawn area: 55%
2014-03-07 21:41:18 [INFO] Preparing spawn area: 99%
2014-03-07 21:41:18 [INFO] Preparing start region for level 1 (Seed: -4639508223535243829)
2014-03-07 21:41:19 [INFO] Preparing spawn area: 59%
2014-03-07 21:41:20 [INFO] Preparing start region for level 2 (Seed: -4639508223535243829)
2014-03-07 21:41:20 [INFO] Server permissions file permissions.yml is empty, ignoring it
2014-03-07 21:41:20 [INFO] Done (6.054s)! For help, type "help" or "?"
2014-03-07 21:41:26 [WARNING] Can't keep up! Did the system time change, or is the server overloaded?
2014-03-07 21:41:45 [WARNING] Can't keep up! Did the system time change, or is the server overloaded?
2014-03-07 21:42:46 [INFO] martinohanlon[/127.0.0.1:59377] logged in with entity id 456 at ([world] 94.5, 75.0, 246.5)
2014-03-07 21:42:53 [WARNING] Can't keep up! Did the system time change, or is the server overloaded?
2014-03-07 21:43:01 [INFO] martinohanlon issued server command: /set time 6
2014-03-07 21:43:08 [INFO] martinohanlon issued server command: /time set 6
2014-03-07 21:43:17 [INFO] CONSOLE: Opped martinohanlon[m
2014-03-07 21:44:35 [INFO] martinohanlon issued server command: /time set 6
2014-03-07 21:44:35 [INFO] martinohanlon: Set time to 6[m
2014-03-07 21:44:49 [INFO] Connection reset
2014-03-07 21:44:49 [INFO] martinohanlon lost connection: disconnect.quitting
2014-03-07 21:44:50 [INFO] §emartinohanlon left the game.
2014-03-07 21:44:56 [INFO] CONSOLE: Stopping the server..[m
2014-03-07 21:44:56 [INFO] Stopping server
2014-03-07 21:44:56 [INFO] Saving players
2014-03-07 21:44:56 [WARNING] DSCT: socket closed
2014-03-07 21:44:56 [INFO] Saving worlds
2014-03-07 21:44:56 [INFO] Closing listening thread
2014-03-07 21:44:56 [INFO] Saving chunks for level 'world'/Overworld
2014-03-07 21:44:58 [INFO] Saving chunks for level 'world_nether'/Nether
2014-03-07 21:44:58 [INFO] Saving chunks for level 'world_the_end'/The End
2014-03-07 21:45:52 [INFO] Starting minecraft server version 1.6.4
2014-03-07 21:45:52 [INFO] Loading properties
2014-03-07 21:45:52 [INFO] Default game type: CREATIVE
2014-03-07 21:45:52 [INFO] Generating keypair
2014-03-07 21:45:53 [INFO] Starting Minecraft server on *:25565
2014-03-07 21:45:55 [INFO] This server is running CraftBukkit version git-Bukkit-1.6.4-R2.0-b2918jnks (MC: 1.6.4) (Implementing API version 1.6.4-R2.0)
2014-03-07 21:45:55 [INFO] Preparing level "world"
2014-03-07 21:45:56 [INFO] Preparing start region for level 0 (Seed: -4639508223535243829)
2014-03-07 21:45:57 [INFO] Preparing spawn area: 1%
2014-03-07 21:45:58 [INFO] Preparing spawn area: 35%
2014-03-07 21:45:59 [INFO] Preparing spawn area: 73%
2014-03-07 21:46:00 [INFO] Preparing start region for level 1 (Seed: -4639508223535243829)
2014-03-07 21:46:01 [INFO] Preparing spawn area: 45%
2014-03-07 21:46:02 [INFO] Preparing spawn area: 75%
2014-03-07 21:46:03 [INFO] Preparing start region for level 2 (Seed: -4639508223535243829)
2014-03-07 21:46:04 [INFO] Server permissions file permissions.yml is empty, ignoring it
2014-03-07 21:46:04 [INFO] Done (8.554s)! For help, type "help" or "?"
2014-03-07 21:46:08 [WARNING] Can't keep up! Did the system time change, or is the server overloaded?
2014-03-07 21:46:17 [INFO] martinohanlon[/127.0.0.1:59387] logged in with entity id 365 at ([world] 94.5, 75.0, 246.5)
2014-03-07 21:46:35 [INFO] martinohanlon lost connection: disconnect.quitting
2014-03-07 21:46:35 [INFO] Connection reset
2014-03-07 21:46:35 [INFO] §emartinohanlon left the game.
2014-03-07 21:51:08 [WARNING] Can't keep up! Did the system time change, or is the server overloaded?
2014-03-07 21:53:35 [INFO] CONSOLE: Stopping the server..[m
2014-03-07 21:53:35 [INFO] Stopping server
2014-03-07 21:53:35 [INFO] Saving players
2014-03-07 21:53:35 [WARNING] DSCT: socket closed
2014-03-07 21:53:35 [INFO] Saving worlds
2014-03-07 21:53:35 [INFO] Closing listening thread
2014-03-07 21:53:35 [INFO] Saving chunks for level 'world'/Overworld
2014-03-07 21:53:41 [INFO] Saving chunks for level 'world_nether'/Nether
2014-03-07 21:53:41 [INFO] Saving chunks for level 'world_the_end'/The End
2014-03-07 21:53:50 [INFO] Starting minecraft server version 1.6.4
2014-03-07 21:53:51 [INFO] Loading properties
2014-03-07 21:53:51 [INFO] Default game type: CREATIVE
2014-03-07 21:53:51 [INFO] Generating keypair
2014-03-07 21:53:53 [INFO] Starting Minecraft server on *:25565
2014-03-07 21:53:55 [INFO] This server is running CraftBukkit version git-Bukkit-1.6.4-R2.0-b2918jnks (MC: 1.6.4) (Implementing API version 1.6.4-R2.0)
2014-03-07 21:53:56 [INFO] Preparing level "world"
2014-03-07 21:53:58 [INFO] Preparing start region for level 0 (Seed: -4639508223535243829)
2014-03-07 21:53:59 [INFO] Preparing spawn area: 1%
2014-03-07 21:54:00 [INFO] Preparing spawn area: 19%
2014-03-07 21:54:01 [INFO] Preparing spawn area: 40%
2014-03-07 21:54:02 [INFO] Preparing spawn area: 66%
2014-03-07 21:54:03 [INFO] Preparing spawn area: 81%
2014-03-07 21:54:04 [INFO] Preparing start region for level 1 (Seed: -4639508223535243829)
2014-03-07 21:54:05 [INFO] Preparing spawn area: 44%
2014-03-07 21:54:06 [INFO] Preparing spawn area: 82%
2014-03-07 21:54:06 [INFO] Preparing start region for level 2 (Seed: -4639508223535243829)
2014-03-07 21:54:07 [INFO] Server permissions file permissions.yml is empty, ignoring it
2014-03-07 21:54:07 [INFO] Done (11.282s)! For help, type "help" or "?"
2014-03-07 21:54:14 [INFO] CONSOLE: Opped martinohanlon[m
2014-03-07 21:59:12 [WARNING] Can't keep up! Did the system time change, or is the server overloaded?
2014-03-07 22:07:30 [INFO] CONSOLE: Stopping the server..[m
2014-03-07 22:07:30 [INFO] Stopping server
2014-03-07 22:07:30 [INFO] Saving players
2014-03-07 22:07:30 [WARNING] DSCT: socket closed
2014-03-07 22:07:30 [INFO] Saving worlds
2014-03-07 22:07:30 [INFO] Closing listening thread
2014-03-07 22:07:30 [INFO] Saving chunks for level 'world'/Overworld
2014-03-07 22:07:41 [INFO] Saving chunks for level 'world_nether'/Nether
2014-03-07 22:07:41 [INFO] Saving chunks for level 'world_the_end'/The End
2014-03-07 22:07:41 [INFO] Stopping server
2014-03-07 22:07:41 [INFO] Saving players
2014-03-07 22:07:41 [INFO] Saving worlds
2014-03-07 22:07:41 [INFO] Saving chunks for level 'world'/Overworld
2014-03-07 22:07:41 [INFO] Saving chunks for level 'world_nether'/Nether
2014-03-09 22:02:07 [INFO] Starting minecraft server version 1.6.4
2014-03-09 22:02:07 [INFO] Loading properties
2014-03-09 22:02:07 [INFO] Default game type: CREATIVE
2014-03-09 22:02:07 [INFO] Generating keypair
2014-03-09 22:02:08 [INFO] Starting Minecraft server on *:25565
2014-03-09 22:02:10 [INFO] This server is running CraftBukkit version git-Bukkit-1.6.4-R2.0-b2918jnks (MC: 1.6.4) (Implementing API version 1.6.4-R2.0)
2014-03-09 22:02:10 [INFO] [RaspberryJuice] Loading RaspberryJuice v1.2
2014-03-09 22:02:10 [INFO] Preparing level "world"
2014-03-09 22:02:11 [INFO] Preparing start region for level 0 (Seed: -4639508223535243829)
2014-03-09 22:02:12 [INFO] Preparing spawn area: 3%
2014-03-09 22:02:13 [INFO] Preparing spawn area: 50%
2014-03-09 22:02:14 [INFO] Preparing spawn area: 87%
2014-03-09 22:02:14 [INFO] Preparing start region for level 1 (Seed: -4639508223535243829)
2014-03-09 22:02:15 [INFO] Preparing spawn area: 70%
2014-03-09 22:02:15 [INFO] Preparing start region for level 2 (Seed: -4639508223535243829)
2014-03-09 22:02:16 [INFO] [RaspberryJuice] Enabling RaspberryJuice v1.2
2014-03-09 22:02:16 [INFO] Server permissions file permissions.yml is empty, ignoring it
2014-03-09 22:02:16 [INFO] Done (6.043s)! For help, type "help" or "?"
2014-03-09 22:02:35 [INFO] CONSOLE: Stopping the server..[m
2014-03-09 22:02:35 [INFO] Stopping server
2014-03-09 22:02:35 [INFO] [RaspberryJuice] Disabling RaspberryJuice v1.2
2014-03-09 22:02:35 [SEVERE] java.net.SocketException: socket closed
2014-03-09 22:02:35 [WARNING] DSCT: socket closed
2014-03-09 22:02:35 [INFO] Closing listening thread
2014-03-09 22:02:35 [INFO] Saving players
2014-03-09 22:02:35 [INFO] Saving worlds
2014-03-09 22:02:35 [INFO] Saving chunks for level 'world'/Overworld
2014-03-09 22:02:35 [SEVERE] 	at java.net.DualStackPlainSocketImpl.accept0(Native Method)
2014-03-09 22:02:35 [SEVERE] 	at java.net.DualStackPlainSocketImpl.socketAccept(Unknown Source)
2014-03-09 22:02:35 [SEVERE] 	at java.net.AbstractPlainSocketImpl.accept(Unknown Source)
2014-03-09 22:02:35 [SEVERE] 	at java.net.PlainSocketImpl.accept(Unknown Source)
2014-03-09 22:02:35 [SEVERE] 	at java.net.ServerSocket.implAccept(Unknown Source)
2014-03-09 22:02:35 [SEVERE] 	at java.net.ServerSocket.accept(Unknown Source)
2014-03-09 22:02:35 [SEVERE] 	at net.zhuoweizhang.raspberryjuice.ServerListenerThread.run(ServerListenerThread.java:27)
2014-03-09 22:02:35 [SEVERE] 	at java.lang.Thread.run(Unknown Source)
2014-03-09 22:02:37 [INFO] Saving chunks for level 'world_nether'/Nether
2014-03-09 22:02:39 [INFO] Saving chunks for level 'world_the_end'/The End
2014-03-09 22:02:53 [INFO] Starting minecraft server version 1.6.4
2014-03-09 22:02:53 [INFO] Loading properties
2014-03-09 22:02:53 [INFO] Default game type: CREATIVE
2014-03-09 22:02:53 [INFO] Generating keypair
2014-03-09 22:02:54 [INFO] Starting Minecraft server on *:25565
2014-03-09 22:02:55 [INFO] This server is running CraftBukkit version git-Bukkit-1.6.4-R2.0-b2918jnks (MC: 1.6.4) (Implementing API version 1.6.4-R2.0)
2014-03-09 22:02:55 [INFO] [RaspberryJuice] Loading RaspberryJuice v1.2
2014-03-09 22:02:55 [INFO] Preparing level "world"
2014-03-09 22:02:56 [INFO] Preparing start region for level 0 (Seed: 1848793393572273633)
2014-03-09 22:02:58 [INFO] Preparing spawn area: 4%
2014-03-09 22:02:59 [INFO] Preparing spawn area: 5%
2014-03-09 22:03:00 [INFO] Preparing spawn area: 8%
2014-03-09 22:03:01 [INFO] Preparing spawn area: 10%
2014-03-09 22:03:02 [INFO] Preparing spawn area: 15%
2014-03-09 22:03:03 [INFO] Preparing spawn area: 21%
2014-03-09 22:03:04 [INFO] Preparing spawn area: 28%
2014-03-09 22:03:05 [INFO] Preparing spawn area: 34%
2014-03-09 22:03:06 [INFO] Preparing spawn area: 41%
2014-03-09 22:03:07 [INFO] Preparing spawn area: 47%
2014-03-09 22:03:08 [INFO] Preparing spawn area: 51%
2014-03-09 22:03:09 [INFO] Preparing spawn area: 57%
2014-03-09 22:03:10 [INFO] Preparing spawn area: 64%
2014-03-09 22:03:11 [INFO] Preparing spawn area: 72%
2014-03-09 22:03:12 [INFO] Preparing spawn area: 79%
2014-03-09 22:03:13 [INFO] Preparing spawn area: 84%
2014-03-09 22:03:14 [INFO] Preparing spawn area: 87%
2014-03-09 22:03:15 [INFO] Preparing spawn area: 95%
2014-03-09 22:03:16 [INFO] Preparing start region for level 1 (Seed: 1848793393572273633)
2014-03-09 22:03:17 [INFO] Preparing spawn area: 3%
2014-03-09 22:03:18 [INFO] Preparing spawn area: 10%
2014-03-09 22:03:19 [INFO] Preparing spawn area: 18%
2014-03-09 22:03:20 [INFO] Preparing spawn area: 21%
2014-03-09 22:03:21 [INFO] Preparing spawn area: 29%
2014-03-09 22:03:23 [INFO] Preparing spawn area: 34%
2014-03-09 22:03:25 [INFO] Preparing spawn area: 39%
2014-03-09 22:03:26 [INFO] Preparing spawn area: 49%
2014-03-09 22:03:27 [INFO] Preparing spawn area: 55%
2014-03-09 22:03:28 [INFO] Preparing spawn area: 63%
2014-03-09 22:03:29 [INFO] Preparing spawn area: 71%
2014-03-09 22:03:30 [INFO] Preparing spawn area: 78%
2014-03-09 22:03:31 [INFO] Preparing spawn area: 82%
2014-03-09 22:03:33 [INFO] Preparing spawn area: 88%
2014-03-09 22:03:34 [INFO] Preparing spawn area: 96%
2014-03-09 22:03:34 [INFO] Preparing start region for level 2 (Seed: 1848793393572273633)
2014-03-09 22:03:35 [INFO] Preparing spawn area: 18%
2014-03-09 22:03:36 [INFO] Preparing spawn area: 45%
2014-03-09 22:03:37 [INFO] Preparing spawn area: 67%
2014-03-09 22:03:38 [INFO] Preparing spawn area: 96%
2014-03-09 22:03:38 [INFO] [RaspberryJuice] Enabling RaspberryJuice v1.2
2014-03-09 22:03:38 [INFO] Server permissions file permissions.yml is empty, ignoring it
2014-03-09 22:03:38 [INFO] Done (43.085s)! For help, type "help" or "?"
2014-03-09 22:03:43 [WARNING] Can't keep up! Did the system time change, or is the server overloaded?
