[16:11:02] [Server thread/INFO]: Starting minecraft server version 1.11.2
[16:11:02] [Server thread/INFO]: Loading properties
[16:11:02] [Server thread/INFO]: Default game type: ADVENTURE
[16:11:02] [Server thread/INFO]: This server is running CraftBukkit version git-Spigot-6de2fbc-c1aa859 (MC: 1.11.2) (Implementing API version 1.11.2-R0.1-SNAPSHOT)
[16:11:03] [Server thread/INFO]: Debug logging is disabled
[16:11:03] [Server thread/INFO]: Server Ping Player Sample Count: 12
[16:11:03] [Server thread/INFO]: Using 4 threads for Netty based IO
[16:11:03] [Server thread/INFO]: Generating keypair
[16:11:03] [Server thread/INFO]: Starting Minecraft server on *:25565
[16:11:03] [Server thread/INFO]: Using default channel type
[16:11:03] [Server thread/INFO]: Set PluginClassLoader as parallel capable
[16:11:04] [Server thread/INFO]: [WorldEdit] Loading WorldEdit v6.1.5;4651611
[16:11:04] [Server thread/INFO]: [SetSpawn] Loading SetSpawn v2.1
[16:11:04] [Server thread/INFO]: [RaspberryJuice] Loading RaspberryJuice v1.7
[16:11:04] [Server thread/WARN]: **** SERVER IS RUNNING IN OFFLINE/INSECURE MODE!
[16:11:04] [Server thread/WARN]: The server will make no attempt to authenticate usernames. Beware.
[16:11:04] [Server thread/WARN]: While this makes the game possible to play without internet access, it also opens up the ability for hackers to connect with any username they choose.
[16:11:04] [Server thread/WARN]: To change this, set "online-mode" to "true" in the server.properties file.
[16:11:04] [Server thread/INFO]: **** Beginning UUID conversion, this may take A LONG time ****
[16:11:04] [Server thread/INFO]: Preparing level "world"
[16:11:04] [Server thread/INFO]: -------- World Settings For [world] --------
[16:11:04] [Server thread/INFO]: Arrow Despawn Rate: 1200
[16:11:04] [Server thread/INFO]: Item Merge Radius: 2.5
[16:11:04] [Server thread/INFO]: Item Despawn Rate: 6000
[16:11:04] [Server thread/INFO]: Zombie Aggressive Towards Villager: true
[16:11:04] [Server thread/INFO]: Custom Map Seeds:  Village: 10387312 Feature: 14357617Monument: 10387313 Slime: 987234911
[16:11:04] [Server thread/INFO]: View Distance: 10
[16:11:04] [Server thread/INFO]: Experience Merge Radius: 3.0
[16:11:04] [Server thread/INFO]: Nerfing mobs spawned from spawners: false
[16:11:04] [Server thread/INFO]: Entity Activation Range: An 32 / Mo 32 / Mi 16
[16:11:04] [Server thread/INFO]: Entity Tracking Range: Pl 48 / An 48 / Mo 48 / Mi 32 / Other 64
[16:11:04] [Server thread/INFO]: Cactus Growth Modifier: 100%
[16:11:04] [Server thread/INFO]: Cane Growth Modifier: 100%
[16:11:04] [Server thread/INFO]: Melon Growth Modifier: 100%
[16:11:04] [Server thread/INFO]: Mushroom Growth Modifier: 100%
[16:11:04] [Server thread/INFO]: Pumpkin Growth Modifier: 100%
[16:11:04] [Server thread/INFO]: Sapling Growth Modifier: 100%
[16:11:04] [Server thread/INFO]: Wheat Growth Modifier: 100%
[16:11:04] [Server thread/INFO]: NetherWart Growth Modifier: 100%
[16:11:04] [Server thread/INFO]: Vine Growth Modifier: 100%
[16:11:04] [Server thread/INFO]: Cocoa Growth Modifier: 100%
[16:11:04] [Server thread/INFO]: Mob Spawn Range: 4
[16:11:04] [Server thread/INFO]: Random Lighting Updates: false
[16:11:04] [Server thread/INFO]: Structure Info Saving: true
[16:11:04] [Server thread/INFO]: Hopper Transfer: 8 Hopper Check: 8 Hopper Amount: 1
[16:11:04] [Server thread/INFO]: Tile Max Tick Time: 50ms Entity max Tick Time: 50ms
[16:11:04] [Server thread/INFO]: Max TNT Explosions: 100
[16:11:04] [Server thread/INFO]: Allow Zombie Pigmen to spawn from portal blocks: true
[16:11:04] [Server thread/INFO]: -------- World Settings For [world_nether] --------
[16:11:04] [Server thread/INFO]: Arrow Despawn Rate: 1200
[16:11:04] [Server thread/INFO]: Item Merge Radius: 2.5
[16:11:04] [Server thread/INFO]: Item Despawn Rate: 6000
[16:11:04] [Server thread/INFO]: Zombie Aggressive Towards Villager: true
[16:11:04] [Server thread/INFO]: Custom Map Seeds:  Village: 10387312 Feature: 14357617Monument: 10387313 Slime: 987234911
[16:11:04] [Server thread/INFO]: View Distance: 10
[16:11:04] [Server thread/INFO]: Experience Merge Radius: 3.0
[16:11:04] [Server thread/INFO]: Nerfing mobs spawned from spawners: false
[16:11:04] [Server thread/INFO]: Entity Activation Range: An 32 / Mo 32 / Mi 16
[16:11:04] [Server thread/INFO]: Entity Tracking Range: Pl 48 / An 48 / Mo 48 / Mi 32 / Other 64
[16:11:04] [Server thread/INFO]: Cactus Growth Modifier: 100%
[16:11:04] [Server thread/INFO]: Cane Growth Modifier: 100%
[16:11:04] [Server thread/INFO]: Melon Growth Modifier: 100%
[16:11:04] [Server thread/INFO]: Mushroom Growth Modifier: 100%
[16:11:04] [Server thread/INFO]: Pumpkin Growth Modifier: 100%
[16:11:04] [Server thread/INFO]: Sapling Growth Modifier: 100%
[16:11:04] [Server thread/INFO]: Wheat Growth Modifier: 100%
[16:11:04] [Server thread/INFO]: NetherWart Growth Modifier: 100%
[16:11:04] [Server thread/INFO]: Vine Growth Modifier: 100%
[16:11:04] [Server thread/INFO]: Cocoa Growth Modifier: 100%
[16:11:04] [Server thread/INFO]: Mob Spawn Range: 4
[16:11:04] [Server thread/INFO]: Random Lighting Updates: false
[16:11:04] [Server thread/INFO]: Structure Info Saving: true
[16:11:04] [Server thread/INFO]: Hopper Transfer: 8 Hopper Check: 8 Hopper Amount: 1
[16:11:04] [Server thread/INFO]: Tile Max Tick Time: 50ms Entity max Tick Time: 50ms
[16:11:04] [Server thread/INFO]: Max TNT Explosions: 100
[16:11:04] [Server thread/INFO]: Allow Zombie Pigmen to spawn from portal blocks: true
[16:11:04] [Server thread/INFO]: -------- World Settings For [world_the_end] --------
[16:11:04] [Server thread/INFO]: Arrow Despawn Rate: 1200
[16:11:04] [Server thread/INFO]: Item Merge Radius: 2.5
[16:11:04] [Server thread/INFO]: Item Despawn Rate: 6000
[16:11:04] [Server thread/INFO]: Zombie Aggressive Towards Villager: true
[16:11:04] [Server thread/INFO]: Custom Map Seeds:  Village: 10387312 Feature: 14357617Monument: 10387313 Slime: 987234911
[16:11:04] [Server thread/INFO]: View Distance: 10
[16:11:04] [Server thread/INFO]: Experience Merge Radius: 3.0
[16:11:04] [Server thread/INFO]: Nerfing mobs spawned from spawners: false
[16:11:04] [Server thread/INFO]: Entity Activation Range: An 32 / Mo 32 / Mi 16
[16:11:04] [Server thread/INFO]: Entity Tracking Range: Pl 48 / An 48 / Mo 48 / Mi 32 / Other 64
[16:11:04] [Server thread/INFO]: Cactus Growth Modifier: 100%
[16:11:04] [Server thread/INFO]: Cane Growth Modifier: 100%
[16:11:04] [Server thread/INFO]: Melon Growth Modifier: 100%
[16:11:04] [Server thread/INFO]: Mushroom Growth Modifier: 100%
[16:11:04] [Server thread/INFO]: Pumpkin Growth Modifier: 100%
[16:11:04] [Server thread/INFO]: Sapling Growth Modifier: 100%
[16:11:04] [Server thread/INFO]: Wheat Growth Modifier: 100%
[16:11:04] [Server thread/INFO]: NetherWart Growth Modifier: 100%
[16:11:04] [Server thread/INFO]: Vine Growth Modifier: 100%
[16:11:04] [Server thread/INFO]: Cocoa Growth Modifier: 100%
[16:11:04] [Server thread/INFO]: Mob Spawn Range: 4
[16:11:04] [Server thread/INFO]: Random Lighting Updates: false
[16:11:04] [Server thread/INFO]: Structure Info Saving: true
[16:11:04] [Server thread/INFO]: Hopper Transfer: 8 Hopper Check: 8 Hopper Amount: 1
[16:11:04] [Server thread/INFO]: Tile Max Tick Time: 50ms Entity max Tick Time: 50ms
[16:11:04] [Server thread/INFO]: Max TNT Explosions: 100
[16:11:04] [Server thread/INFO]: Allow Zombie Pigmen to spawn from portal blocks: true
[16:11:04] [Server thread/INFO]: Preparing start region for level 0 (Seed: -8451486288760230950)
[16:11:05] [Server thread/INFO]: Preparing spawn area: 6%
[16:11:06] [Server thread/INFO]: Preparing spawn area: 35%
[16:11:07] [Server thread/INFO]: Preparing start region for level 1 (Seed: -8451486288760230950)
[16:11:08] [Server thread/INFO]: Preparing spawn area: 67%
[16:11:08] [Server thread/INFO]: Preparing start region for level 2 (Seed: -8451486288760230950)
[16:11:09] [Server thread/INFO]: [WorldEdit] Enabling WorldEdit v6.1.5;4651611
[16:11:10] [Server thread/INFO]: WEPIF: Using the Bukkit Permissions API.
[16:11:10] [Server thread/INFO]: [WorldEdit] Using com.sk89q.worldedit.bukkit.adapter.impl.Spigot_v1_11_R1 as the Bukkit adapter
[16:11:10] [Server thread/INFO]: [SetSpawn] Enabling SetSpawn v2.1
[16:11:10] [Server thread/INFO]: [RaspberryJuice] Enabling RaspberryJuice v1.7
[16:11:10] [Server thread/INFO]: [RaspberryJuice] ThreadListener Started
[16:11:10] [Server thread/INFO]: Server permissions file permissions.yml is empty, ignoring it
[16:11:10] [Server thread/INFO]: Done (6,128s)! For help, type "help" or "?"
[16:12:15] [User Authenticator #1/INFO]: UUID of player Gryfender_ is 327de540-65cd-3c57-b51f-985865b147d5
[16:12:15] [Server thread/INFO]: Gryfender_[/127.0.0.1:51291] logged in with entity id 151 at ([world]-137.5839683828959, 82.0625, 249.52662436645022)
[16:12:33] [Thread-9/INFO]: [RaspberryJuice] Opened connection to/127.0.0.1:51298.
[16:12:33] [Thread-11/INFO]: [RaspberryJuice] Starting output thread!
[16:12:33] [Thread-10/INFO]: [RaspberryJuice] Starting input thread
[16:12:33] [Server thread/INFO]: Attendre...[m
[16:12:41] [Server thread/INFO]: C'est bon.[m
[16:12:41] [Server thread/INFO]: Bienvenue dans l'Arene, pour lancer un Mini-Jeu allez dans une des zones colorees au plus proche de l'Arene.[m
[16:13:09] [Server thread/INFO]: Pour executer un MiniJeu cassez un block de laine de la couleur correspondante : [m
[16:13:09] [Server thread/INFO]: Blanc   = Jeu de Parcours[m
[16:13:09] [Server thread/INFO]: Orange = MiniJeu 2[m
[16:13:09] [Server thread/INFO]: Rose    = MiniJeu 3[m
[16:13:09] [Server thread/INFO]: Jaune  = MiniJeu 4[m
[16:13:09] [Server thread/INFO]: Vert    = MiniJeu 5[m
[16:13:09] [Server thread/INFO]: Rouge  = MiniJeu 6[m
[16:13:09] [Server thread/INFO]: Noir     = MiniJeu 7[m
[16:13:09] [Server thread/INFO]: Bleu    = MiniJeu 8[m
[17:58:18] [Server thread/INFO]: Pour executer un MiniJeu cassez un block de laine de la couleur correspondante : [m
[17:58:19] [Server thread/INFO]: Blanc   = Jeu de Parcours[m
[17:58:19] [Server thread/INFO]: Orange = MiniJeu 2[m
[17:58:19] [Server thread/INFO]: Rose    = MiniJeu 3[m
[17:58:19] [Server thread/INFO]: Jaune  = MiniJeu 4[m
[17:58:19] [Server thread/INFO]: Vert    = MiniJeu 5[m
[17:58:19] [Server thread/INFO]: Rouge  = MiniJeu 6[m
[17:58:19] [Server thread/INFO]: Noir     = MiniJeu 7[m
[17:58:19] [Server thread/INFO]: Bleu    = MiniJeu 8[m
[17:58:20] [Server thread/INFO]: Attendre...[m
[17:58:25] [Server thread/WARN]: [RaspberryJuice] Over 9000 commands were queued - deferring 18974 to next tick
[17:58:25] [Server thread/WARN]: [RaspberryJuice] Over 9000 commands were queued - deferring 10780 to next tick
[17:58:25] [Server thread/WARN]: [RaspberryJuice] Over 9000 commands were queued - deferring 3562 to next tick
[17:58:28] [Server thread/INFO]: Construction terminee.[m
[17:58:28] [Server thread/INFO]: Activite lancee ^^[m
[17:58:29] [Server thread/INFO]: Pour quitter le MiniJeu cassez le block de laine blanche au niveau de la zone Violette[m
[18:05:18] [Server thread/INFO]: Gryfender_ lost connection: Disconnected
[18:05:18] [Server thread/INFO]: Gryfender_ left the game
[18:05:27] [Server thread/INFO]: Stopping the server
[18:05:27] [Server thread/INFO]: Stopping server
[18:05:27] [Server thread/INFO]: [RaspberryJuice] Disabling RaspberryJuice v1.7
[18:05:27] [Server thread/INFO]: [RaspberryJuice] Closed connection to/127.0.0.1:51298.
[18:05:27] [Server thread/INFO]: [RaspberryJuice] Raspberry Juice Stopped
[18:05:27] [Server thread/INFO]: [SetSpawn] Disabling SetSpawn v2.1
[18:05:27] [Server thread/INFO]: [WorldEdit] Disabling WorldEdit v6.1.5;4651611
[18:05:27] [Server thread/INFO]: Saving players
[18:05:27] [Server thread/INFO]: Saving worlds
[18:05:27] [Server thread/INFO]: Saving chunks for level 'world'/Overworld
[18:05:27] [Server thread/INFO]: Saving chunks for level 'world_nether'/Nether
[18:05:27] [Server thread/INFO]: Saving chunks for level 'world_the_end'/The End
